proguard/seeds.txt
com.ztspeech.simutalk2.BuildConfig
com.ztspeech.simutalk2.BuildConfig: boolean DEBUG
com.ztspeech.simutalk2.BuildConfig: BuildConfig()
com.ztspeech.simutalk2.R
com.ztspeech.simutalk2.R: R()
com.ztspeech.simutalk2.R$anim
com.ztspeech.simutalk2.R$anim: int bird_alpha
com.ztspeech.simutalk2.R$anim: int bird_rock_left
com.ztspeech.simutalk2.R$anim: int bird_rock_left_b
com.ztspeech.simutalk2.R$anim: int enter_alpha
com.ztspeech.simutalk2.R$anim: int in_lefttoright
com.ztspeech.simutalk2.R$anim: int in_righttoleft
com.ztspeech.simutalk2.R$anim: int lefttoright
com.ztspeech.simutalk2.R$anim: int out_alpha
com.ztspeech.simutalk2.R$anim: int out_lefttoright
com.ztspeech.simutalk2.R$anim: int out_righttoleft
com.ztspeech.simutalk2.R$anim: int popmenu_enter
com.ztspeech.simutalk2.R$anim: int popmenu_exit
com.ztspeech.simutalk2.R$anim: int popmore_exit
com.ztspeech.simutalk2.R$anim: int popmore_show
com.ztspeech.simutalk2.R$anim: int push_up_in
com.ztspeech.simutalk2.R$anim: int push_up_out
com.ztspeech.simutalk2.R$anim: int righttoleft
com.ztspeech.simutalk2.R$anim: int slideinleft
com.ztspeech.simutalk2.R$anim: int slideinright
com.ztspeech.simutalk2.R$anim: int slideoutleft
com.ztspeech.simutalk2.R$anim: int slideoutright
com.ztspeech.simutalk2.R$anim: int wave_scale
com.ztspeech.simutalk2.R$anim: int zoom_enter
com.ztspeech.simutalk2.R$anim: R$anim()
com.ztspeech.simutalk2.R$array
com.ztspeech.simutalk2.R$array: int fontsize_list_preference
com.ztspeech.simutalk2.R$array: int fontsizevalues_list_preference
com.ztspeech.simutalk2.R$array: int language_list_preference
com.ztspeech.simutalk2.R$array: int languagevalues_list_preference
com.ztspeech.simutalk2.R$array: int ttssex_list_preference
com.ztspeech.simutalk2.R$array: int ttssexvalues_list_preference
com.ztspeech.simutalk2.R$array: int ttsspeed_list_preference
com.ztspeech.simutalk2.R$array: int ttsspeedvalues_list_preference
com.ztspeech.simutalk2.R$array: R$array()
com.ztspeech.simutalk2.R$attr
com.ztspeech.simutalk2.R$attr: R$attr()
com.ztspeech.simutalk2.R$color
com.ztspeech.simutalk2.R$color: int background_light_black
com.ztspeech.simutalk2.R$color: int eeeeee
com.ztspeech.simutalk2.R$color: int item_focused_false
com.ztspeech.simutalk2.R$color: int item_focused_true
com.ztspeech.simutalk2.R$color: int qa_pop_message_text_count
com.ztspeech.simutalk2.R$color: int renren_sdk_edittext_bg
com.ztspeech.simutalk2.R$color: int renren_sdk_edittext_border
com.ztspeech.simutalk2.R$color: int renren_sdk_pay_repair_bg
com.ztspeech.simutalk2.R$color: int renren_sdk_pay_repair_btn_text
com.ztspeech.simutalk2.R$color: int renren_sdk_pay_repair_item_bg
com.ztspeech.simutalk2.R$color: int renren_sdk_pay_repair_list_bg
com.ztspeech.simutalk2.R$color: int renren_sdk_status_username_text
com.ztspeech.simutalk2.R$color: int renren_sdk_title_bg
com.ztspeech.simutalk2.R$color: int renren_sdk_title_border
com.ztspeech.simutalk2.R$color: int renren_sdk_title_text
com.ztspeech.simutalk2.R$color: int tab_btn_text
com.ztspeech.simutalk2.R$color: int tab_btn_text_focused_false
com.ztspeech.simutalk2.R$color: int tab_btn_text_focused_true
com.ztspeech.simutalk2.R$color: int white
com.ztspeech.simutalk2.R$color: R$color()
...
android.support.v4.widget.CursorFilter
android.support.v4.widget.CursorFilter: android.support.v4.widget.CursorFilter$CursorFilterClient mClient
android.support.v4.widget.CursorFilter: CursorFilter(android.support.v4.widget.CursorFilter$CursorFilterClient)
android.support.v4.widget.CursorFilter: java.lang.CharSequence convertResultToString(java.lang.Object)
android.support.v4.widget.CursorFilter: android.widget.Filter$FilterResults performFiltering(java.lang.CharSequence)
android.support.v4.widget.CursorFilter: void publishResults(java.lang.CharSequence,android.widget.Filter$FilterResults)
android.support.v4.widget.CursorFilter$CursorFilterClient
android.support.v4.widget.CursorFilter$CursorFilterClient: java.lang.CharSequence convertToString(android.database.Cursor)
android.support.v4.widget.CursorFilter$CursorFilterClient: android.database.Cursor runQueryOnBackgroundThread(java.lang.CharSequence)
android.support.v4.widget.CursorFilter$CursorFilterClient: android.database.Cursor getCursor()
android.support.v4.widget.CursorFilter$CursorFilterClient: void changeCursor(android.database.Cursor)
android.support.v4.widget.EdgeEffectCompat
android.support.v4.widget.EdgeEffectCompat: java.lang.Object mEdgeEffect
android.support.v4.widget.EdgeEffectCompat: android.support.v4.widget.EdgeEffectCompat$EdgeEffectImpl IMPL
android.support.v4.widget.EdgeEffectCompat: EdgeEffectCompat(android.content.Context)
android.support.v4.widget.EdgeEffectCompat: void setSize(int,int)
android.support.v4.widget.EdgeEffectCompat: boolean isFinished()
android.support.v4.widget.EdgeEffectCompat: void finish()
android.support.v4.widget.EdgeEffectCompat: boolean onPull(float)
android.support.v4.widget.EdgeEffectCompat: boolean onRelease()
android.support.v4.widget.EdgeEffectCompat: boolean onAbsorb(int)
android.support.v4.widget.EdgeEffectCompat: boolean draw(android.graphics.Canvas)
android.support.v4.widget.EdgeEffectCompat: void <clinit>()
android.support.v4.widget.EdgeEffectCompat$BaseEdgeEffectImpl
android.support.v4.widget.EdgeEffectCompat$BaseEdgeEffectImpl: EdgeEffectCompat$BaseEdgeEffectImpl()
android.support.v4.widget.EdgeEffectCompat$BaseEdgeEffectImpl: java.lang.Object newEdgeEffect(android.content.Context)
android.support.v4.widget.EdgeEffectCompat$BaseEdgeEffectImpl: void setSize(java.lang.Object,int,int)
android.support.v4.widget.EdgeEffectCompat$BaseEdgeEffectImpl: boolean isFinished(java.lang.Object)
android.support.v4.widget.EdgeEffectCompat$BaseEdgeEffectImpl: void finish(java.lang.Object)
android.support.v4.widget.EdgeEffectCompat$BaseEdgeEffectImpl: boolean onPull(java.lang.Object,float)
android.support.v4.widget.EdgeEffectCompat$BaseEdgeEffectImpl: boolean onRelease(java.lang.Object)
android.support.v4.widget.EdgeEffectCompat$BaseEdgeEffectImpl: boolean onAbsorb(java.lang.Object,int)
android.support.v4.widget.EdgeEffectCompat$BaseEdgeEffectImpl: boolean draw(java.lang.Object,android.graphics.Canvas)
android.support.v4.widget.EdgeEffectCompat$EdgeEffectIcsImpl
android.support.v4.widget.EdgeEffectCompat$EdgeEffectIcsImpl: EdgeEffectCompat$EdgeEffectIcsImpl()
android.support.v4.widget.EdgeEffectCompat$EdgeEffectIcsImpl: java.lang.Object newEdgeEffect(android.content.Context)
android.support.v4.widget.EdgeEffectCompat$EdgeEffectIcsImpl: void setSize(java.lang.Object,int,int)
android.support.v4.widget.EdgeEffectCompat$EdgeEffectIcsImpl: boolean isFinished(java.lang.Object)
android.support.v4.widget.EdgeEffectCompat$EdgeEffectIcsImpl: void finish(java.lang.Object)
android.support.v4.widget.EdgeEffectCompat$EdgeEffectIcsImpl: boolean onPull(java.lang.Object,float)
android.support.v4.widget.EdgeEffectCompat$EdgeEffectIcsImpl: boolean onRelease(java.lang.Object)
android.support.v4.widget.EdgeEffectCompat$EdgeEffectIcsImpl: boolean onAbsorb(java.lang.Object,int)
android.support.v4.widget.EdgeEffectCompat$EdgeEffectIcsImpl: boolean draw(java.lang.Object,android.graphics.Canvas)