proguard/mapping.txt
com.ztspeech.simutalk2.BuildConfig -> com.ztspeech.simutalk2.BuildConfig:
    boolean DEBUG -> DEBUG
com.ztspeech.simutalk2.R -> com.ztspeech.simutalk2.R:
com.ztspeech.simutalk2.R$anim -> com.ztspeech.simutalk2.R$anim:
    int bird_alpha -> bird_alpha
    int bird_rock_left -> bird_rock_left
    int bird_rock_left_b -> bird_rock_left_b
    int enter_alpha -> enter_alpha
    int in_lefttoright -> in_lefttoright
    int in_righttoleft -> in_righttoleft
    int lefttoright -> lefttoright
    int out_alpha -> out_alpha
    int out_lefttoright -> out_lefttoright
    int out_righttoleft -> out_righttoleft
    int popmenu_enter -> popmenu_enter
    int popmenu_exit -> popmenu_exit
    int popmore_exit -> popmore_exit
    int popmore_show -> popmore_show
    int push_up_in -> push_up_in
    int push_up_out -> push_up_out
    int righttoleft -> righttoleft
    int slideinleft -> slideinleft
    int slideinright -> slideinright
    int slideoutleft -> slideoutleft
    int slideoutright -> slideoutright
    int wave_scale -> wave_scale
    int zoom_enter -> zoom_enter
com.ztspeech.simutalk2.R$array -> com.ztspeech.simutalk2.R$array:
    int fontsize_list_preference -> fontsize_list_preference
    int fontsizevalues_list_preference -> fontsizevalues_list_preference
    int language_list_preference -> language_list_preference
    int languagevalues_list_preference -> languagevalues_list_preference
    int ttssex_list_preference -> ttssex_list_preference
    int ttssexvalues_list_preference -> ttssexvalues_list_preference
    int ttsspeed_list_preference -> ttsspeed_list_preference
    int ttsspeedvalues_list_preference -> ttsspeedvalues_list_preference
com.ztspeech.simutalk2.R$attr -> com.ztspeech.simutalk2.R$attr:
com.ztspeech.simutalk2.R$color -> com.ztspeech.simutalk2.R$color:
    int background_light_black -> background_light_black
    int eeeeee -> eeeeee
    int item_focused_false -> item_focused_false
    int item_focused_true -> item_focused_true
    int qa_pop_message_text_count -> qa_pop_message_text_count
    int renren_sdk_edittext_bg -> renren_sdk_edittext_bg
    int renren_sdk_edittext_border -> renren_sdk_edittext_border
    int renren_sdk_pay_repair_bg -> renren_sdk_pay_repair_bg
    int renren_sdk_pay_repair_btn_text -> renren_sdk_pay_repair_btn_text
    int renren_sdk_pay_repair_item_bg -> renren_sdk_pay_repair_item_bg
    int renren_sdk_pay_repair_list_bg -> renren_sdk_pay_repair_list_bg
    int renren_sdk_status_username_text -> renren_sdk_status_username_text
    int renren_sdk_title_bg -> renren_sdk_title_bg
    int renren_sdk_title_border -> renren_sdk_title_border
    int renren_sdk_title_text -> renren_sdk_title_text
    int tab_btn_text -> tab_btn_text
    int tab_btn_text_focused_false -> tab_btn_text_focused_false
    int tab_btn_text_focused_true -> tab_btn_text_focused_true
    int white -> white
com.ztspeech.simutalk2.R$dimen -> com.ztspeech.simutalk2.R$dimen:
    int actionmenu_hight_1 -> actionmenu_hight_1
    int actionmenu_hight_2 -> actionmenu_hight_2
    int actionmenu_hight_3 -> actionmenu_hight_3
    int footerview_hight -> footerview_hight
    int padding_large -> padding_large
    int padding_medium -> padding_medium
    int padding_small -> padding_small
    int popchange_height -> popchange_height
    int popchange_width -> popchange_width
    int popchange_x -> popchange_x
    int popchange_y -> popchange_y
    int popspeak_width -> popspeak_width
    int tab_btn_text_size -> tab_btn_text_size
    int weibosdk_dialog_bottom_margin -> weibosdk_dialog_bottom_margin
    int weibosdk_dialog_left_margin -> weibosdk_dialog_left_margin
    int weibosdk_dialog_right_margin -> weibosdk_dialog_right_margin
    int weibosdk_dialog_top_margin -> weibosdk_dialog_top_margin
...
com.tencent.mm.sdk.openapi.WXApiImplV10 -> com.tencent.mm.sdk.openapi.a:
    android.content.Context R -> a
    java.lang.String S -> b
    boolean T -> c
    boolean registerApp(java.lang.String) -> registerApp
    void unregisterApp() -> unregisterApp
    boolean handleIntent(android.content.Intent,com.tencent.mm.sdk.openapi.IWXAPIEventHandler) -> handleIntent
    boolean isWXAppInstalled() -> isWXAppInstalled
    boolean isWXAppSupportAPI() -> isWXAppSupportAPI
    int getWXAppSupportAPI() -> getWXAppSupportAPI
    boolean openWXApp() -> openWXApp
    boolean sendReq(com.tencent.mm.sdk.openapi.BaseReq) -> sendReq
    boolean sendResp(com.tencent.mm.sdk.openapi.BaseResp) -> sendResp
    boolean a(java.lang.String) -> a
    boolean a(android.content.pm.Signature[]) -> a
    boolean a(byte[],byte[]) -> a
com.tencent.mm.sdk.openapi.WXAppExtendObject -> com.tencent.mm.sdk.openapi.WXAppExtendObject:
    java.lang.String extInfo -> extInfo
    java.lang.String filePath -> filePath
    byte[] fileData -> fileData
    void serialize(android.os.Bundle) -> serialize
    void unserialize(android.os.Bundle) -> unserialize
    int type() -> type
    boolean checkArgs() -> checkArgs
com.tencent.mm.sdk.openapi.WXAppLaunchData -> com.tencent.mm.sdk.openapi.WXAppLaunchData:
    java.lang.String ACTION_HANDLE_WXAPPLAUNCH -> ACTION_HANDLE_WXAPPLAUNCH
    java.lang.String ACTION_HANDLE_WXAPP_RESULT -> ACTION_HANDLE_WXAPP_RESULT
    java.lang.String ACTION_HANDLE_WXAPP_SHOW -> ACTION_HANDLE_WXAPP_SHOW
    int launchType -> launchType
    java.lang.String message -> message
com.tencent.mm.sdk.openapi.WXAppLaunchData$Builder -> com.tencent.mm.sdk.openapi.WXAppLaunchData$Builder:
    com.tencent.mm.sdk.openapi.WXAppLaunchData fromBundle(android.os.Bundle) -> fromBundle
    android.os.Bundle toBundle(com.tencent.mm.sdk.openapi.WXAppLaunchData) -> toBundle
com.tencent.mm.sdk.openapi.WXEmojiObject -> com.tencent.mm.sdk.openapi.WXEmojiObject:
    byte[] emojiData -> emojiData
    java.lang.String emojiPath -> emojiPath
    void setEmojiData(byte[]) -> setEmojiData
    void setEmojiPath(java.lang.String) -> setEmojiPath
    void serialize(android.os.Bundle) -> serialize
    void unserialize(android.os.Bundle) -> unserialize
    int type() -> type
    boolean checkArgs() -> checkArgs
com.tencent.mm.sdk.openapi.WXFileObject -> com.tencent.mm.sdk.openapi.WXFileObject:
    byte[] fileData -> fileData
    java.lang.String filePath -> filePath
    void setFileData(byte[]) -> setFileData
    void setFilePath(java.lang.String) -> setFilePath
    void serialize(android.os.Bundle) -> serialize
    void unserialize(android.os.Bundle) -> unserialize
    int type() -> type
    boolean checkArgs() -> checkArgs
com.tencent.mm.sdk.openapi.WXImageObject -> com.tencent.mm.sdk.openapi.WXImageObject:
    byte[] imageData -> imageData
    java.lang.String imagePath -> imagePath
    java.lang.String imageUrl -> imageUrl
    void setImagePath(java.lang.String) -> setImagePath
    void serialize(android.os.Bundle) -> serialize
    void unserialize(android.os.Bundle) -> unserialize
    int type() -> type
    boolean checkArgs() -> checkArgs
com.tencent.mm.sdk.openapi.WXMediaMessage -> com.tencent.mm.sdk.openapi.WXMediaMessage:
    java.lang.String ACTION_WXAPPMESSAGE -> ACTION_WXAPPMESSAGE
    int sdkVer -> sdkVer
    java.lang.String title -> title
    java.lang.String description -> description
    byte[] thumbData -> thumbData
    com.tencent.mm.sdk.openapi.WXMediaMessage$IMediaObject mediaObject -> mediaObject
    int getType() -> getType
    void setThumbImage(android.graphics.Bitmap) -> setThumbImage
    boolean checkArgs() -> checkArgs
com.tencent.mm.sdk.openapi.WXMediaMessage$Builder -> com.tencent.mm.sdk.openapi.WXMediaMessage$Builder:
    java.lang.String KEY_IDENTIFIER -> KEY_IDENTIFIER
    android.os.Bundle toBundle(com.tencent.mm.sdk.openapi.WXMediaMessage) -> toBundle
    com.tencent.mm.sdk.openapi.WXMediaMessage fromBundle(android.os.Bundle) -> fromBundle