proguard/usage.txt
com.ztspeech.simutalk2.data.DoStream:
    private static final int READ_BUFFER
com.ztspeech.simutalk2.data.TransDataBase:
    75:80:private void initUserDatabase()
com.ztspeech.simutalk2.data.TransDataList:
    private static final java.lang.String TABLE_NAME
com.ztspeech.simutalk2.dictionary.activity.CollectedWordsActivity:
    168:173:private void btnDispProcess(boolean)
com.ztspeech.simutalk2.dictionary.activity.KouyiRecordActivity:
    168:173:private void btnDispProcess(boolean)
com.ztspeech.simutalk2.dictionary.activity.ResultActivity:
    160:165:private void btnDispProcess(boolean)
com.ztspeech.simutalk2.dictionary.activity.SettingTTSspeedActivity:
    private static final int MIN_COUNT_NUM
    private static final int DIV_COUNT_NUM
com.ztspeech.simutalk2.dictionary.activity.WordsAutoCompletedActivity:
    123:128:private void btnDispProcess(boolean)
com.ztspeech.simutalk2.dictionary.adapter.CollectedLvItem1:
    private com.ztspeech.simutalk2.dictionary.entity.Child child
com.ztspeech.simutalk2.dictionary.adapter.KouyiRecordLvItem1:
    private com.ztspeech.simutalk2.dictionary.entity.Child child
com.ztspeech.simutalk2.dictionary.adapter.WordsLvItem1:
    private com.ztspeech.simutalk2.dictionary.entity.Child child
com.ztspeech.simutalk2.dictionary.util.LogInfo:
    private static final java.lang.String TAG
    private static final boolean isDebug
com.ztspeech.simutalk2.net.AsyncHttpDownloader:
    140:149:private java.io.InputStream getInputStream(java.lang.String)
com.ztspeech.simutalk2.net.ImageEngine:
    private static final java.lang.String SCALE
com.ztspeech.simutalk2.net.VoiceDataCache$VoiceData
com.ztspeech.simutalk2.qa.AskQuestionActivity:
    163:168:private void btnDispProcess(boolean)
    348:348:private void setButtonsEnabled(boolean)
com.ztspeech.simutalk2.qa.FindUserActivity:
    161:166:private void btnDispProcess(boolean)
com.ztspeech.simutalk2.qa.MainActivity:
    private static com.ztspeech.simutalk2.data.TransDataBase mDatabase
com.ztspeech.simutalk2.qa.MessageActivity:
    private static final int DO_ASK
    private static final int DO_SOLVE
    private static final int DO_MSG
    private static final int GET_LASTMSG
com.ztspeech.simutalk2.qa.MsgGroupListActivity:
    private static final int ACTIVITY_MESSAGE
    497:541:private void selectDo()
    88:88:static synthetic boolean access$18(com.ztspeech.simutalk2.qa.MsgGroupListActivity)
com.ztspeech.simutalk2.qa.MsgGroupListActivity$9
com.ztspeech.simutalk2.qa.SolveQuestionActivity:
    private static final int ACTIVITY_SOLVE
    196:201:private void btnDispProcess(boolean)
com.ztspeech.simutalk2.qa.UserStateActivity:
    private static final int ACTIVITY_ASK
    private static final int ACTIVITY_SOLVE
com.ztspeech.simutalk2.qa.view.InterpretView:
    private android.graphics.drawable.AnimationDrawable noVoiceAnimation
com.ztspeech.simutalk2.trans.InterpretActivity:
    1131:1159:private void play(com.ztspeech.simutalk2.trans.speak.SpeakItemData,boolean)
    1434:1439:private void btnDispProcess(boolean)
    1442:1450:private void btnCancelDisp(boolean)
com.ztspeech.simutalk2.trans.SetFrontSizeActivity:
    private static final java.lang.String TAG
com.ztspeech.simutalk2.trans.SetHeadProtraitActivity:
    private static final java.lang.String TAG
    private static final java.lang.String MIME_TYPE_IMAGE_PNG
    private static final int PHOTOS_FROM_CAMERA
    private static final int PHOTOS_FROM_IMAGE
    private static final int PHOTOS_RESULt_HANDLE
    363:391:private java.lang.String saveImg(android.graphics.Bitmap)
com.ztspeech.simutalk2.trans.SetNickNameActivity:
    private static final java.lang.String TAG
com.ztspeech.simutalk2.trans.SetTranslanguageActivity:
    private static final java.lang.String TAG
com.ztspeech.simutalk2.trans.SetTtsSoundActivity:
    private static final java.lang.String TAG
com.ztspeech.simutalk2.trans.SetWeiboCountBinderActivity:
    private static final java.lang.String TAG
...
com.baidu.location.Jni:
    Jni()
com.baidu.location.LocationClient:
    private static final java.lang.String for
    private static final int try
    private static final int p
    private static final int void
    private static final int B
    private static final int m
    private static final int o
    private static final int h
    private static final int b
    private static final int f
    private static final int if
    private static final int y
    private static final int n
    private static final int goto
    private static final int s
com.baidu.location.a:
    public void if()
com.baidu.location.a$a:
    public void a()
com.baidu.location.b:
    private static final java.lang.String if
    private static final int q
    private static final int x
    private static final int n
    private static final int goto
    private static final double else
    private static final int l
    private static final int h
    private static final int z
    private static final int t
    private static final int K
    private static final int i
    private static final int E
    private static final int void
    public java.lang.String try()
com.baidu.location.c:
    public java.lang.String int()
    public java.lang.String for()
com.baidu.location.d
com.baidu.location.e:
    private static final int byte
com.baidu.location.f:
    static final float an
    static final int l
    static final int c
    static final int long
    static final int af
    static final int g
    static final int Y
    static final int for
    static final int s
    static final int w
    static final int U
    static final int H
    static final int K
    static final int do
    static final int int
    static final int p
    static final int case
    static final int ae
    static final int z
    static final int F
    static final int ap
    static final int S
    static final int i
    static final int ai
    static final int C
    static final int ao
    static final int L
    static final int b
    static final int J
    static final int e
    static final int void
    static final int T
    static final int t
    static final int am
    static final int Q
    static final int x
    static final int else
    static final int ag
    private static final int ar
    private static final int byte
    private static final int ad
com.baidu.location.g:
    private static final int byte
    private static final int case
    public static final int m
    private static final int h
    g()
    public static boolean for(android.content.Context)
com.baidu.location.h
com.baidu.location.h$a
com.baidu.location.j:
    j()
    static java.lang.String if()
    public static void if(java.lang.String)
    public static void do(java.lang.String)
com.baidu.location.j$a:
    private static final boolean a
com.baidu.location.j$b:
    private static final java.lang.String if
    private static final java.lang.String do
    private static final java.lang.String for
    private static final java.lang.String a
com.baidu.location.k:
    k()
com.google.gson.DefaultDateTypeAdapter:
    53:54:DefaultDateTypeAdapter(int)
com.google.gson.FieldAttributes:
    146:146:java.lang.Object get(java.lang.Object)
    155:155:boolean isSynthetic()
com.google.gson.Gson:
    static final boolean DEFAULT_JSON_NON_EXECUTABLE
    private static final java.lang.String JSON_NON_EXECUTABLE_PREFIX
com.google.gson.internal.Excluder:
    private static final double IGNORE_VERSIONS
com.google.gson.internal.StringMap:
    private static final int MINIMUM_CAPACITY
    private static final int MAXIMUM_CAPACITY
com.google.gson.internal.bind.TypeAdapters$23:
    private static final java.lang.String YEAR
    private static final java.lang.String MONTH
    private static final java.lang.String DAY_OF_MONTH
    private static final java.lang.String HOUR_OF_DAY
    private static final java.lang.String MINUTE
    private static final java.lang.String SECOND